Running: /opt/Xilinx/14.7/ISE_DS/ISE/bin/lin64/unwrapped/fuse -intstyle ise -incremental -o /home/ise/FlipFlopD/Test_isim_beh.exe -prj /home/ise/FlipFlopD/Test_beh.prj work.Test 
ISim P.20131013 (signature 0xfbc00daa)
Number of CPUs detected in this system: 1
Turning on mult-threading, number of parallel sub-compilation jobs: 0 
Determining compilation order of HDL files
Parsing VHDL file "/home/ise/FlipFlopD/Module.vhd" into library work
Parsing VHDL file "/home/ise/FlipFlopD/Test.vhd" into library work
Starting static elaboration
Completed static elaboration
Fuse Memory Usage: 95304 KB
Fuse CPU Usage: 340 ms
Compiling package standard
Compiling package std_logic_1164
Compiling architecture behavioral of entity Module [module_default]
Compiling architecture behavior of entity test
Time Resolution for simulation is 1ps.
Compiled 5 VHDL Units
Built simulation executable /home/ise/FlipFlopD/Test_isim_beh.exe
Fuse Memory Usage: 103936 KB
Fuse CPU Usage: 350 ms
GCC CPU Usage: 60 ms
